<?xml version="1.0" encoding="UTF-8"?>
<testng-results ignored="0" total="1" passed="1" failed="0" skipped="0">
  <reporter-output>
  </reporter-output>
  <suite started-at="2025-08-22T12:42:46 IST" name="Default suite" finished-at="2025-08-22T12:42:47 IST" duration-ms="117">
    <groups>
    </groups>
    <test started-at="2025-08-22T12:42:46 IST" name="Default test" finished-at="2025-08-22T12:42:47 IST" duration-ms="117">
      <class name="Practice.Test.ReadDataFromCmdLine">
        <test-method signature="checking()[pri:0, instance:Practice.Test.ReadDataFromCmdLine@6b2ea799]" started-at="2025-08-22T12:42:46 IST" name="checking" finished-at="2025-08-22T12:42:46 IST" duration-ms="22" status="PASS">
          <reporter-output>
          </reporter-output>
        </test-method> <!-- checking -->
      </class> <!-- Practice.Test.ReadDataFromCmdLine -->
    </test> <!-- Default test -->
  </suite> <!-- Default suite -->
</testng-results>
